<?xml version="1.0" encoding="UTF-8"?>
<!-- Generated by org.testng.reporters.JUnitReportReporter -->
<testsuite hostname="MacBook-Pro-de-Danny.local" failures="0" tests="1" name="ExecutionEndToEnd.UtilTestNgSecondCup" time="41.652" errors="0" timestamp="2021-01-30T19:25:25 EST" skipped="0">
  <testcase classname="ExecutionEndToEnd.UtilTestNgSecondCup" name="functionalGiftCards" time="41.652"/>
  <system-out/>
</testsuite> <!-- ExecutionEndToEnd.UtilTestNgSecondCup -->
